<?xml version="1.0" encoding="UTF-8"?>
<!-- Generated by org.testng.reporters.JUnitReportReporter -->
<testsuite hostname="WARNER" failures="0" tests="10" name="com.Telecom.TelecomAPIs" time="16.044" errors="0" timestamp="2024-12-19T15:30:03 IST" skipped="0">
  <testcase classname="com.Telecom.TelecomAPIs" name="AddNewUser" time="3.841"/>
  <system-out/>
  <testcase classname="com.Telecom.TelecomAPIs" name="GetUserProfile" time="1.394"/>
  <system-out/>
  <testcase classname="com.Telecom.TelecomAPIs" name="UpdateUser" time="1.241"/>
  <system-out/>
  <testcase classname="com.Telecom.TelecomAPIs" name="LoginUser" time="1.387"/>
  <system-out/>
  <testcase classname="com.Telecom.TelecomAPIs" name="AddContact" time="1.387"/>
  <system-out/>
  <testcase classname="com.Telecom.TelecomAPIs" name="GetContactList" time="1.423"/>
  <system-out/>
  <testcase classname="com.Telecom.TelecomAPIs" name="GetContact" time="1.154"/>
  <system-out/>
  <testcase classname="com.Telecom.TelecomAPIs" name="UpdateContact" time="1.404"/>
  <system-out/>
  <testcase classname="com.Telecom.TelecomAPIs" name="UpdateContact2" time="1.386"/>
  <system-out/>
  <testcase classname="com.Telecom.TelecomAPIs" name="LogOut" time="1.427"/>
  <system-out/>
</testsuite> <!-- com.Telecom.TelecomAPIs -->
