<?xml version="1.0" encoding="UTF-8"?>
<!-- Generated by org.testng.reporters.JUnitReportReporter -->
<testsuite hostname="WARNER" failures="0" tests="2" name="com.Telecom.API2" time="4.756" errors="0" timestamp="2024-12-17T19:23:09 IST" skipped="0">
  <testcase classname="com.Telecom.API2" name="addNewUser" time="3.502"/>
  <system-out/>
  <testcase classname="com.Telecom.API2" name="updateContact" time="1.254"/>
  <system-out/>
</testsuite> <!-- com.Telecom.API2 -->
